{"C:\\Users\\ZAKK\\OneDrive\\Bureau\\TEST-YASSIR\\server.js": {"path":"C:\\Users\\ZAKK\\OneDrive\\Bureau\\TEST-YASSIR\\server.js","statementMap":{"0":{"start":{"line":1,"column":16},"end":{"line":1,"column":34}},"1":{"start":{"line":2,"column":21},"end":{"line":2,"column":45}},"2":{"start":{"line":3,"column":18},"end":{"line":3,"column":47}},"3":{"start":{"line":4,"column":15},"end":{"line":4,"column":32}},"4":{"start":{"line":5,"column":15},"end":{"line":5,"column":32}},"5":{"start":{"line":8,"column":0},"end":{"line":8,"column":38}},"6":{"start":{"line":11,"column":26},"end":{"line":11,"column":61}},"7":{"start":{"line":13,"column":21},"end":{"line":13,"column":54}},"8":{"start":{"line":14,"column":34},"end":{"line":14,"column":73}},"9":{"start":{"line":15,"column":24},"end":{"line":15,"column":52}},"10":{"start":{"line":16,"column":25},"end":{"line":16,"column":54}},"11":{"start":{"line":18,"column":21},"end":{"line":18,"column":49}},"12":{"start":{"line":19,"column":0},"end":{"line":19,"column":15}},"13":{"start":{"line":22,"column":12},"end":{"line":22,"column":21}},"14":{"start":{"line":23,"column":0},"end":{"line":23,"column":24}},"15":{"start":{"line":24,"column":0},"end":{"line":28,"column":1}},"16":{"start":{"line":26,"column":2},"end":{"line":26,"column":25}},"17":{"start":{"line":27,"column":2},"end":{"line":27,"column":49}},"18":{"start":{"line":31,"column":0},"end":{"line":31,"column":43}},"19":{"start":{"line":33,"column":0},"end":{"line":33,"column":39}},"20":{"start":{"line":35,"column":0},"end":{"line":35,"column":65}},"21":{"start":{"line":36,"column":0},"end":{"line":36,"column":45}},"22":{"start":{"line":37,"column":0},"end":{"line":37,"column":47}},"23":{"start":{"line":39,"column":13},"end":{"line":39,"column":29}},"24":{"start":{"line":42,"column":16},"end":{"line":44,"column":2}},"25":{"start":{"line":43,"column":2},"end":{"line":43,"column":45}},"26":{"start":{"line":46,"column":0},"end":{"line":46,"column":25}}},"fnMap":{"0":{"name":"(anonymous_0)","decl":{"start":{"line":42,"column":33},"end":{"line":42,"column":34}},"loc":{"start":{"line":42,"column":39},"end":{"line":44,"column":1}},"line":42}},"branchMap":{"0":{"loc":{"start":{"line":24,"column":0},"end":{"line":28,"column":1}},"type":"if","locations":[{"start":{"line":24,"column":0},"end":{"line":28,"column":1}},{"start":{},"end":{}}],"line":24}},"s":{"0":1,"1":1,"2":1,"3":1,"4":1,"5":1,"6":1,"7":1,"8":1,"9":1,"10":1,"11":1,"12":1,"13":1,"14":1,"15":1,"16":0,"17":0,"18":1,"19":1,"20":1,"21":1,"22":1,"23":1,"24":1,"25":1,"26":1},"f":{"0":1},"b":{"0":[0,1]},"_coverageSchema":"1a1c01bbd47fc00a2c39e90264f33305004495a9","hash":"194cbee9ce70ec9328ae86d8ae7ac6d25e18f875"}
,"C:\\Users\\ZAKK\\OneDrive\\Bureau\\TEST-YASSIR\\Routers\\addNewEmployee.js": {"path":"C:\\Users\\ZAKK\\OneDrive\\Bureau\\TEST-YASSIR\\Routers\\addNewEmployee.js","statementMap":{"0":{"start":{"line":6,"column":16},"end":{"line":6,"column":34}},"1":{"start":{"line":9,"column":24},"end":{"line":9,"column":71}},"2":{"start":{"line":12,"column":15},"end":{"line":12,"column":42}},"3":{"start":{"line":15,"column":0},"end":{"line":15,"column":30}},"4":{"start":{"line":18,"column":0},"end":{"line":18,"column":24}}},"fnMap":{},"branchMap":{},"s":{"0":1,"1":1,"2":1,"3":1,"4":1},"f":{},"b":{},"_coverageSchema":"1a1c01bbd47fc00a2c39e90264f33305004495a9","hash":"6c1f5a3d26aad8fe857c18c330733ef4b8b348ba"}
,"C:\\Users\\ZAKK\\OneDrive\\Bureau\\TEST-YASSIR\\Routers\\checkin.js": {"path":"C:\\Users\\ZAKK\\OneDrive\\Bureau\\TEST-YASSIR\\Routers\\checkin.js","statementMap":{"0":{"start":{"line":6,"column":16},"end":{"line":6,"column":34}},"1":{"start":{"line":9,"column":28},"end":{"line":9,"column":70}},"2":{"start":{"line":12,"column":15},"end":{"line":12,"column":42}},"3":{"start":{"line":15,"column":0},"end":{"line":15,"column":34}},"4":{"start":{"line":18,"column":0},"end":{"line":18,"column":24}}},"fnMap":{},"branchMap":{},"s":{"0":1,"1":1,"2":1,"3":1,"4":1},"f":{},"b":{},"_coverageSchema":"1a1c01bbd47fc00a2c39e90264f33305004495a9","hash":"cca7cc1b93f1b82cd6cac49e4664fd34f8366433"}
,"C:\\Users\\ZAKK\\OneDrive\\Bureau\\TEST-YASSIR\\Routers\\checkout.js": {"path":"C:\\Users\\ZAKK\\OneDrive\\Bureau\\TEST-YASSIR\\Routers\\checkout.js","statementMap":{"0":{"start":{"line":6,"column":16},"end":{"line":6,"column":34}},"1":{"start":{"line":9,"column":29},"end":{"line":9,"column":76}},"2":{"start":{"line":12,"column":15},"end":{"line":12,"column":42}},"3":{"start":{"line":15,"column":0},"end":{"line":15,"column":35}},"4":{"start":{"line":18,"column":0},"end":{"line":18,"column":24}}},"fnMap":{},"branchMap":{},"s":{"0":1,"1":1,"2":1,"3":1,"4":1},"f":{},"b":{},"_coverageSchema":"1a1c01bbd47fc00a2c39e90264f33305004495a9","hash":"d1d422d9e0a0bf444c87d9b434e38fec5e91a36a"}
,"C:\\Users\\ZAKK\\OneDrive\\Bureau\\TEST-YASSIR\\Routers\\getEmployees.js": {"path":"C:\\Users\\ZAKK\\OneDrive\\Bureau\\TEST-YASSIR\\Routers\\getEmployees.js","statementMap":{"0":{"start":{"line":6,"column":16},"end":{"line":6,"column":34}},"1":{"start":{"line":9,"column":24},"end":{"line":9,"column":75}},"2":{"start":{"line":12,"column":15},"end":{"line":12,"column":42}},"3":{"start":{"line":15,"column":0},"end":{"line":15,"column":29}},"4":{"start":{"line":18,"column":0},"end":{"line":18,"column":24}}},"fnMap":{},"branchMap":{},"s":{"0":1,"1":1,"2":1,"3":1,"4":1},"f":{},"b":{},"_coverageSchema":"1a1c01bbd47fc00a2c39e90264f33305004495a9","hash":"ff8d8caf86c66e922d32b4a209d0ce1f84c01b65"}
,"C:\\Users\\ZAKK\\OneDrive\\Bureau\\TEST-YASSIR\\Routers\\getEmployeesByDate.js": {"path":"C:\\Users\\ZAKK\\OneDrive\\Bureau\\TEST-YASSIR\\Routers\\getEmployeesByDate.js","statementMap":{"0":{"start":{"line":6,"column":16},"end":{"line":6,"column":34}},"1":{"start":{"line":12,"column":4},"end":{"line":12,"column":52}},"2":{"start":{"line":15,"column":15},"end":{"line":15,"column":42}},"3":{"start":{"line":18,"column":0},"end":{"line":18,"column":44}},"4":{"start":{"line":21,"column":0},"end":{"line":21,"column":24}}},"fnMap":{},"branchMap":{},"s":{"0":1,"1":1,"2":1,"3":1,"4":1},"f":{},"b":{},"_coverageSchema":"1a1c01bbd47fc00a2c39e90264f33305004495a9","hash":"d8b88b0dabdac8600875ac3750d0ad9d77220f87"}
,"C:\\Users\\ZAKK\\OneDrive\\Bureau\\TEST-YASSIR\\config\\database.js": {"path":"C:\\Users\\ZAKK\\OneDrive\\Bureau\\TEST-YASSIR\\config\\database.js","statementMap":{"0":{"start":{"line":8,"column":17},"end":{"line":8,"column":36}},"1":{"start":{"line":11,"column":21},"end":{"line":21,"column":1}},"2":{"start":{"line":12,"column":2},"end":{"line":20,"column":7}},"3":{"start":{"line":15,"column":6},"end":{"line":15,"column":65}},"4":{"start":{"line":18,"column":6},"end":{"line":18,"column":47}},"5":{"start":{"line":19,"column":6},"end":{"line":19,"column":22}},"6":{"start":{"line":24,"column":0},"end":{"line":24,"column":30}}},"fnMap":{"0":{"name":"(anonymous_0)","decl":{"start":{"line":11,"column":21},"end":{"line":11,"column":22}},"loc":{"start":{"line":11,"column":27},"end":{"line":21,"column":1}},"line":11},"1":{"name":"(anonymous_1)","decl":{"start":{"line":14,"column":10},"end":{"line":14,"column":11}},"loc":{"start":{"line":14,"column":20},"end":{"line":16,"column":5}},"line":14},"2":{"name":"(anonymous_2)","decl":{"start":{"line":17,"column":11},"end":{"line":17,"column":12}},"loc":{"start":{"line":17,"column":20},"end":{"line":20,"column":5}},"line":17}},"branchMap":{},"s":{"0":1,"1":1,"2":1,"3":1,"4":0,"5":0,"6":1},"f":{"0":1,"1":1,"2":0},"b":{},"_coverageSchema":"1a1c01bbd47fc00a2c39e90264f33305004495a9","hash":"dfc504eb8957489967eb0ad37a47d44e88ad4b02"}
,"C:\\Users\\ZAKK\\OneDrive\\Bureau\\TEST-YASSIR\\controllers\\AddEmployeeController.js": {"path":"C:\\Users\\ZAKK\\OneDrive\\Bureau\\TEST-YASSIR\\controllers\\AddEmployeeController.js","statementMap":{"0":{"start":{"line":1,"column":22},"end":{"line":1,"column":55}},"1":{"start":{"line":2,"column":21},"end":{"line":2,"column":53}},"2":{"start":{"line":8,"column":0},"end":{"line":34,"column":3}},"3":{"start":{"line":10,"column":13},"end":{"line":10,"column":25}},"4":{"start":{"line":11,"column":19},"end":{"line":11,"column":36}},"5":{"start":{"line":12,"column":20},"end":{"line":12,"column":38}},"6":{"start":{"line":13,"column":22},"end":{"line":13,"column":42}},"7":{"start":{"line":14,"column":22},"end":{"line":14,"column":42}},"8":{"start":{"line":15,"column":22},"end":{"line":15,"column":32}},"9":{"start":{"line":16,"column":25},"end":{"line":16,"column":48}},"10":{"start":{"line":17,"column":23},"end":{"line":17,"column":33}},"11":{"start":{"line":18,"column":26},"end":{"line":18,"column":50}},"12":{"start":{"line":21,"column":14},"end":{"line":31,"column":4}},"13":{"start":{"line":33,"column":2},"end":{"line":33,"column":38}}},"fnMap":{"0":{"name":"(anonymous_0)","decl":{"start":{"line":8,"column":35},"end":{"line":8,"column":36}},"loc":{"start":{"line":8,"column":55},"end":{"line":34,"column":1}},"line":8}},"branchMap":{},"s":{"0":1,"1":1,"2":1,"3":2,"4":2,"5":2,"6":2,"7":2,"8":2,"9":2,"10":2,"11":2,"12":2,"13":1},"f":{"0":2},"b":{},"_coverageSchema":"1a1c01bbd47fc00a2c39e90264f33305004495a9","hash":"49eef2b765001febdf21c5f219858ce2a9d2ffa9"}
,"C:\\Users\\ZAKK\\OneDrive\\Bureau\\TEST-YASSIR\\controllers\\CheckOutController.js.js": {"path":"C:\\Users\\ZAKK\\OneDrive\\Bureau\\TEST-YASSIR\\controllers\\CheckOutController.js.js","statementMap":{"0":{"start":{"line":1,"column":22},"end":{"line":1,"column":55}},"1":{"start":{"line":2,"column":21},"end":{"line":2,"column":53}},"2":{"start":{"line":6,"column":0},"end":{"line":40,"column":3}},"3":{"start":{"line":7,"column":42},"end":{"line":7,"column":50}},"4":{"start":{"line":10,"column":19},"end":{"line":10,"column":59}},"5":{"start":{"line":12,"column":2},"end":{"line":14,"column":3}},"6":{"start":{"line":13,"column":4},"end":{"line":13,"column":67}},"7":{"start":{"line":17,"column":2},"end":{"line":17,"column":37}},"8":{"start":{"line":18,"column":2},"end":{"line":18,"column":45}},"9":{"start":{"line":21,"column":22},"end":{"line":21,"column":42}},"10":{"start":{"line":22,"column":23},"end":{"line":22,"column":44}},"11":{"start":{"line":23,"column":23},"end":{"line":23,"column":67}},"12":{"start":{"line":26,"column":2},"end":{"line":26,"column":101}},"13":{"start":{"line":28,"column":2},"end":{"line":28,"column":24}},"14":{"start":{"line":29,"column":31},"end":{"line":32,"column":4}},"15":{"start":{"line":33,"column":32},"end":{"line":36,"column":4}},"16":{"start":{"line":37,"column":2},"end":{"line":39,"column":5}},"17":{"start":{"line":44,"column":2},"end":{"line":46,"column":3}},"18":{"start":{"line":45,"column":4},"end":{"line":45,"column":48}},"19":{"start":{"line":48,"column":33},"end":{"line":48,"column":59}},"20":{"start":{"line":49,"column":28},"end":{"line":49,"column":69}},"21":{"start":{"line":51,"column":16},"end":{"line":51,"column":52}},"22":{"start":{"line":52,"column":18},"end":{"line":52,"column":61}},"23":{"start":{"line":53,"column":18},"end":{"line":53,"column":40}},"24":{"start":{"line":55,"column":2},"end":{"line":55,"column":37}}},"fnMap":{"0":{"name":"(anonymous_0)","decl":{"start":{"line":6,"column":40},"end":{"line":6,"column":41}},"loc":{"start":{"line":6,"column":60},"end":{"line":40,"column":1}},"line":6},"1":{"name":"calculateDuration","decl":{"start":{"line":43,"column":9},"end":{"line":43,"column":26}},"loc":{"start":{"line":43,"column":54},"end":{"line":56,"column":1}},"line":43}},"branchMap":{"0":{"loc":{"start":{"line":12,"column":2},"end":{"line":14,"column":3}},"type":"if","locations":[{"start":{"line":12,"column":2},"end":{"line":14,"column":3}},{"start":{},"end":{}}],"line":12},"1":{"loc":{"start":{"line":44,"column":2},"end":{"line":46,"column":3}},"type":"if","locations":[{"start":{"line":44,"column":2},"end":{"line":46,"column":3}},{"start":{},"end":{}}],"line":44},"2":{"loc":{"start":{"line":44,"column":6},"end":{"line":44,"column":35}},"type":"binary-expr","locations":[{"start":{"line":44,"column":6},"end":{"line":44,"column":18}},{"start":{"line":44,"column":22},"end":{"line":44,"column":35}}],"line":44}},"s":{"0":1,"1":1,"2":1,"3":0,"4":0,"5":0,"6":0,"7":0,"8":0,"9":0,"10":0,"11":0,"12":0,"13":0,"14":0,"15":0,"16":0,"17":0,"18":0,"19":0,"20":0,"21":0,"22":0,"23":0,"24":0},"f":{"0":0,"1":0},"b":{"0":[0,0],"1":[0,0],"2":[0,0]},"_coverageSchema":"1a1c01bbd47fc00a2c39e90264f33305004495a9","hash":"32bfe57fb834a1018c89a1b1c0fd3a1fea705f43"}
,"C:\\Users\\ZAKK\\OneDrive\\Bureau\\TEST-YASSIR\\controllers\\ChekInController.js": {"path":"C:\\Users\\ZAKK\\OneDrive\\Bureau\\TEST-YASSIR\\controllers\\ChekInController.js","statementMap":{"0":{"start":{"line":1,"column":22},"end":{"line":1,"column":55}},"1":{"start":{"line":2,"column":21},"end":{"line":2,"column":53}},"2":{"start":{"line":10,"column":0},"end":{"line":30,"column":3}},"3":{"start":{"line":11,"column":34},"end":{"line":11,"column":42}},"4":{"start":{"line":14,"column":19},"end":{"line":14,"column":59}},"5":{"start":{"line":16,"column":2},"end":{"line":18,"column":3}},"6":{"start":{"line":17,"column":4},"end":{"line":17,"column":67}},"7":{"start":{"line":21,"column":2},"end":{"line":21,"column":36}},"8":{"start":{"line":22,"column":2},"end":{"line":22,"column":36}},"9":{"start":{"line":25,"column":2},"end":{"line":25,"column":24}},"10":{"start":{"line":27,"column":2},"end":{"line":29,"column":5}}},"fnMap":{"0":{"name":"(anonymous_0)","decl":{"start":{"line":10,"column":39},"end":{"line":10,"column":40}},"loc":{"start":{"line":10,"column":59},"end":{"line":30,"column":1}},"line":10}},"branchMap":{"0":{"loc":{"start":{"line":16,"column":2},"end":{"line":18,"column":3}},"type":"if","locations":[{"start":{"line":16,"column":2},"end":{"line":18,"column":3}},{"start":{},"end":{}}],"line":16}},"s":{"0":1,"1":1,"2":1,"3":0,"4":0,"5":0,"6":0,"7":0,"8":0,"9":0,"10":0},"f":{"0":0},"b":{"0":[0,0]},"_coverageSchema":"1a1c01bbd47fc00a2c39e90264f33305004495a9","hash":"0771bbdf10befc8de4bb341d18966344cfc75850"}
,"C:\\Users\\ZAKK\\OneDrive\\Bureau\\TEST-YASSIR\\controllers\\GetEmpByDateController.js": {"path":"C:\\Users\\ZAKK\\OneDrive\\Bureau\\TEST-YASSIR\\controllers\\GetEmpByDateController.js","statementMap":{"0":{"start":{"line":1,"column":22},"end":{"line":1,"column":55}},"1":{"start":{"line":2,"column":21},"end":{"line":2,"column":53}},"2":{"start":{"line":8,"column":0},"end":{"line":34,"column":3}},"3":{"start":{"line":9,"column":22},"end":{"line":9,"column":43}},"4":{"start":{"line":11,"column":2},"end":{"line":33,"column":3}},"5":{"start":{"line":13,"column":4},"end":{"line":17,"column":5}},"6":{"start":{"line":14,"column":6},"end":{"line":16,"column":64}},"7":{"start":{"line":20,"column":23},"end":{"line":20,"column":44}},"8":{"start":{"line":23,"column":30},"end":{"line":25,"column":6}},"9":{"start":{"line":26,"column":4},"end":{"line":28,"column":76}},"10":{"start":{"line":30,"column":4},"end":{"line":32,"column":70}}},"fnMap":{"0":{"name":"(anonymous_0)","decl":{"start":{"line":8,"column":49},"end":{"line":8,"column":50}},"loc":{"start":{"line":8,"column":69},"end":{"line":34,"column":1}},"line":8}},"branchMap":{"0":{"loc":{"start":{"line":13,"column":4},"end":{"line":17,"column":5}},"type":"if","locations":[{"start":{"line":13,"column":4},"end":{"line":17,"column":5}},{"start":{},"end":{}}],"line":13}},"s":{"0":1,"1":1,"2":1,"3":0,"4":0,"5":0,"6":0,"7":0,"8":0,"9":0,"10":0},"f":{"0":0},"b":{"0":[0,0]},"_coverageSchema":"1a1c01bbd47fc00a2c39e90264f33305004495a9","hash":"f3dc7b2eada6657ade1a94fe70beea3eac8d0d33"}
,"C:\\Users\\ZAKK\\OneDrive\\Bureau\\TEST-YASSIR\\controllers\\getallEmployeesController.js": {"path":"C:\\Users\\ZAKK\\OneDrive\\Bureau\\TEST-YASSIR\\controllers\\getallEmployeesController.js","statementMap":{"0":{"start":{"line":1,"column":22},"end":{"line":1,"column":55}},"1":{"start":{"line":2,"column":21},"end":{"line":2,"column":53}},"2":{"start":{"line":7,"column":0},"end":{"line":10,"column":3}},"3":{"start":{"line":8,"column":18},"end":{"line":8,"column":46}},"4":{"start":{"line":9,"column":2},"end":{"line":9,"column":67}}},"fnMap":{"0":{"name":"(anonymous_0)","decl":{"start":{"line":7,"column":35},"end":{"line":7,"column":36}},"loc":{"start":{"line":7,"column":68},"end":{"line":10,"column":1}},"line":7}},"branchMap":{},"s":{"0":1,"1":1,"2":1,"3":0,"4":0},"f":{"0":0},"b":{},"_coverageSchema":"1a1c01bbd47fc00a2c39e90264f33305004495a9","hash":"1c930da4f9462e0429f3d154c81d46e10ed6ce23"}
,"C:\\Users\\ZAKK\\OneDrive\\Bureau\\TEST-YASSIR\\model\\employeeModel.js": {"path":"C:\\Users\\ZAKK\\OneDrive\\Bureau\\TEST-YASSIR\\model\\employeeModel.js","statementMap":{"0":{"start":{"line":6,"column":17},"end":{"line":6,"column":36}},"1":{"start":{"line":9,"column":23},"end":{"line":23,"column":1}},"2":{"start":{"line":27,"column":22},"end":{"line":27,"column":64}},"3":{"start":{"line":30,"column":0},"end":{"line":30,"column":31}}},"fnMap":{},"branchMap":{},"s":{"0":1,"1":1,"2":1,"3":1},"f":{},"b":{},"_coverageSchema":"1a1c01bbd47fc00a2c39e90264f33305004495a9","hash":"e920847ec8e969a00b70412b857b7ef8e20b6415"}
}
