TN:
SF:server.js
FN:42,(anonymous_0)
FNF:1
FNH:1
FNDA:1,(anonymous_0)
DA:1,1
DA:2,1
DA:3,1
DA:4,1
DA:5,1
DA:8,1
DA:11,1
DA:13,1
DA:14,1
DA:15,1
DA:16,1
DA:18,1
DA:19,1
DA:22,1
DA:23,1
DA:24,1
DA:26,0
DA:27,0
DA:31,1
DA:33,1
DA:35,1
DA:36,1
DA:37,1
DA:39,1
DA:42,1
DA:43,1
DA:46,1
LF:27
LH:25
BRDA:24,0,0,0
BRDA:24,0,1,1
BRF:2
BRH:1
end_of_record
TN:
SF:Routers\addNewEmployee.js
FNF:0
FNH:0
DA:6,1
DA:9,1
DA:12,1
DA:15,1
DA:18,1
LF:5
LH:5
BRF:0
BRH:0
end_of_record
TN:
SF:Routers\checkin.js
FNF:0
FNH:0
DA:6,1
DA:9,1
DA:12,1
DA:15,1
DA:18,1
LF:5
LH:5
BRF:0
BRH:0
end_of_record
TN:
SF:Routers\checkout.js
FNF:0
FNH:0
DA:6,1
DA:9,1
DA:12,1
DA:15,1
DA:18,1
LF:5
LH:5
BRF:0
BRH:0
end_of_record
TN:
SF:Routers\getEmployees.js
FNF:0
FNH:0
DA:6,1
DA:9,1
DA:12,1
DA:15,1
DA:18,1
LF:5
LH:5
BRF:0
BRH:0
end_of_record
TN:
SF:Routers\getEmployeesByDate.js
FNF:0
FNH:0
DA:6,1
DA:12,1
DA:15,1
DA:18,1
DA:21,1
LF:5
LH:5
BRF:0
BRH:0
end_of_record
TN:
SF:config\database.js
FN:11,(anonymous_0)
FN:14,(anonymous_1)
FN:17,(anonymous_2)
FNF:3
FNH:2
FNDA:1,(anonymous_0)
FNDA:1,(anonymous_1)
FNDA:0,(anonymous_2)
DA:8,1
DA:11,1
DA:12,1
DA:15,1
DA:18,0
DA:19,0
DA:24,1
LF:7
LH:5
BRF:0
BRH:0
end_of_record
TN:
SF:controllers\AddEmployeeController.js
FN:8,(anonymous_0)
FNF:1
FNH:1
FNDA:2,(anonymous_0)
DA:1,1
DA:2,1
DA:8,1
DA:10,2
DA:11,2
DA:12,2
DA:13,2
DA:14,2
DA:15,2
DA:16,2
DA:17,2
DA:18,2
DA:21,2
DA:33,1
LF:14
LH:14
BRF:0
BRH:0
end_of_record
TN:
SF:controllers\CheckOutController.js.js
FN:6,(anonymous_0)
FN:43,calculateDuration
FNF:2
FNH:0
FNDA:0,(anonymous_0)
FNDA:0,calculateDuration
DA:1,1
DA:2,1
DA:6,1
DA:7,0
DA:10,0
DA:12,0
DA:13,0
DA:17,0
DA:18,0
DA:21,0
DA:22,0
DA:23,0
DA:26,0
DA:28,0
DA:29,0
DA:33,0
DA:37,0
DA:44,0
DA:45,0
DA:48,0
DA:49,0
DA:51,0
DA:52,0
DA:53,0
DA:55,0
LF:25
LH:3
BRDA:12,0,0,0
BRDA:12,0,1,0
BRDA:44,1,0,0
BRDA:44,1,1,0
BRDA:44,2,0,0
BRDA:44,2,1,0
BRF:6
BRH:0
end_of_record
TN:
SF:controllers\ChekInController.js
FN:10,(anonymous_0)
FNF:1
FNH:0
FNDA:0,(anonymous_0)
DA:1,1
DA:2,1
DA:10,1
DA:11,0
DA:14,0
DA:16,0
DA:17,0
DA:21,0
DA:22,0
DA:25,0
DA:27,0
LF:11
LH:3
BRDA:16,0,0,0
BRDA:16,0,1,0
BRF:2
BRH:0
end_of_record
TN:
SF:controllers\GetEmpByDateController.js
FN:8,(anonymous_0)
FNF:1
FNH:0
FNDA:0,(anonymous_0)
DA:1,1
DA:2,1
DA:8,1
DA:9,0
DA:11,0
DA:13,0
DA:14,0
DA:20,0
DA:23,0
DA:26,0
DA:30,0
LF:11
LH:3
BRDA:13,0,0,0
BRDA:13,0,1,0
BRF:2
BRH:0
end_of_record
TN:
SF:controllers\getallEmployeesController.js
FN:7,(anonymous_0)
FNF:1
FNH:0
FNDA:0,(anonymous_0)
DA:1,1
DA:2,1
DA:7,1
DA:8,0
DA:9,0
LF:5
LH:3
BRF:0
BRH:0
end_of_record
TN:
SF:model\employeeModel.js
FNF:0
FNH:0
DA:6,1
DA:9,1
DA:27,1
DA:30,1
LF:4
LH:4
BRF:0
BRH:0
end_of_record
